c:\users\creid209\desktop\spacerace9000\spacerace9000\debug\vc120.pdb
c:\users\creid209\desktop\spacerace9000\spacerace9000\debug\vc120.idb
c:\users\creid209\desktop\spacerace9000\spacerace9000\debug\cinputmgr.obj
c:\users\creid209\desktop\spacerace9000\spacerace9000\debug\claser.obj
c:\users\creid209\desktop\spacerace9000\spacerace9000\debug\clight.obj
c:\users\creid209\desktop\spacerace9000\spacerace9000\debug\cmaterial.obj
c:\users\creid209\desktop\spacerace9000\spacerace9000\debug\cmodel.obj
c:\users\creid209\desktop\spacerace9000\spacerace9000\debug\cmodelloader.obj
c:\users\creid209\desktop\spacerace9000\spacerace9000\debug\cplayer.obj
c:\users\creid209\desktop\spacerace9000\spacerace9000\debug\cpyramid.obj
c:\users\creid209\desktop\spacerace9000\spacerace9000\debug\cshapes.obj
c:\users\creid209\desktop\spacerace9000\spacerace9000\debug\csound.obj
c:\users\creid209\desktop\spacerace9000\spacerace9000\debug\csoundmgr.obj
c:\users\creid209\desktop\spacerace9000\spacerace9000\debug\csphere.obj
c:\users\creid209\desktop\spacerace9000\spacerace9000\debug\cstarfield.obj
c:\users\creid209\desktop\spacerace9000\spacerace9000\debug\ctexture.obj
c:\users\creid209\desktop\spacerace9000\spacerace9000\debug\ctriangle.obj
c:\users\creid209\desktop\spacerace9000\spacerace9000\debug\cwndmanager.obj
c:\users\creid209\desktop\spacerace9000\spacerace9000\debug\gameconstants.obj
c:\users\creid209\desktop\spacerace9000\spacerace9000\debug\studentmain.obj
c:\users\creid209\desktop\spacerace9000\spacerace9000\debug\tardiswarsgame.obj
c:\users\creid209\desktop\spacerace9000\spacerace9000\debug\windowogl.obj
c:\users\creid209\desktop\spacerace9000\spacerace9000\debug\ccamera.obj
c:\users\creid209\desktop\spacerace9000\spacerace9000\debug\ccolours.obj
c:\users\creid209\desktop\spacerace9000\spacerace9000\debug\ccube.obj
c:\users\creid209\desktop\spacerace9000\spacerace9000\debug\cenemy.obj
c:\users\creid209\desktop\spacerace9000\spacerace9000\debug\cfont.obj
c:\users\creid209\desktop\spacerace9000\spacerace9000\debug\cfontmgr.obj
c:\users\creid209\desktop\spacerace9000\debug\spacerace9000.ilk
c:\users\creid209\desktop\spacerace9000\debug\spacerace9000.exe
c:\users\creid209\desktop\spacerace9000\debug\spacerace9000.pdb
c:\users\creid209\desktop\spacerace9000\spacerace9000\debug\spacerace9000.tlog\cl.command.1.tlog
c:\users\creid209\desktop\spacerace9000\spacerace9000\debug\spacerace9000.tlog\cl.read.1.tlog
c:\users\creid209\desktop\spacerace9000\spacerace9000\debug\spacerace9000.tlog\cl.write.1.tlog
c:\users\creid209\desktop\spacerace9000\spacerace9000\debug\spacerace9000.tlog\link.command.1.tlog
c:\users\creid209\desktop\spacerace9000\spacerace9000\debug\spacerace9000.tlog\link.read.1.tlog
c:\users\creid209\desktop\spacerace9000\spacerace9000\debug\spacerace9000.tlog\link.write.1.tlog
